2026-03-17 01:22:07,457 - __main__ - INFO - Bot ishga tushdi! Waiting for messages...
2026-03-17 01:22:07,792 - httpx - INFO - HTTP Request: POST https://api.telegram.org/bot6698742855:AAG0XMhviwtXTRP4pjOhBVrDCP6eyCCqu4c/getMe "HTTP/1.1 200 OK"
2026-03-17 01:22:07,893 - httpx - INFO - HTTP Request: POST https://api.telegram.org/bot6698742855:AAG0XMhviwtXTRP4pjOhBVrDCP6eyCCqu4c/deleteWebhook "HTTP/1.1 200 OK"
2026-03-17 01:22:07,895 - telegram.ext.Application - INFO - Application started
2026-03-17 01:22:18,214 - httpx - INFO - HTTP Request: POST https://api.telegram.org/bot6698742855:AAG0XMhviwtXTRP4pjOhBVrDCP6eyCCqu4c/getUpdates "HTTP/1.1 200 OK"
2026-03-17 01:22:19,093 - httpx - INFO - HTTP Request: POST https://api.telegram.org/bot6698742855:AAG0XMhviwtXTRP4pjOhBVrDCP6eyCCqu4c/getUpdates "HTTP/1.1 200 OK"
2026-03-17 01:22:19,446 - httpx - INFO - HTTP Request: POST https://api.telegram.org/bot6698742855:AAG0XMhviwtXTRP4pjOhBVrDCP6eyCCqu4c/sendMessage "HTTP/1.1 200 OK"
2026-03-17 01:22:25,635 - httpx - INFO - HTTP Request: POST https://api.telegram.org/bot6698742855:AAG0XMhviwtXTRP4pjOhBVrDCP6eyCCqu4c/getUpdates "HTTP/1.1 200 OK"
2026-03-17 01:22:26,019 - httpx - INFO - HTTP Request: POST https://api.telegram.org/bot6698742855:AAG0XMhviwtXTRP4pjOhBVrDCP6eyCCqu4c/sendMessage "HTTP/1.1 200 OK"
2026-03-17 01:22:35,746 - httpx - INFO - HTTP Request: POST https://api.telegram.org/bot6698742855:AAG0XMhviwtXTRP4pjOhBVrDCP6eyCCqu4c/getUpdates "HTTP/1.1 200 OK"
2026-03-17 01:22:37,055 - httpx - INFO - HTTP Request: POST https://api.telegram.org/bot6698742855:AAG0XMhviwtXTRP4pjOhBVrDCP6eyCCqu4c/getUpdates "HTTP/1.1 200 OK"
2026-03-17 01:22:37,446 - httpx - INFO - HTTP Request: POST https://api.telegram.org/bot6698742855:AAG0XMhviwtXTRP4pjOhBVrDCP6eyCCqu4c/sendMessage "HTTP/1.1 200 OK"
2026-03-17 01:22:38,062 - fiona._env - ERROR - `C:\Users\abdul\OneDrive\Đŕáî÷čé ńňîë\zilzilabot python\Data\U\ExportOutput9.shp' not recognized as a supported file format.
2026-03-17 01:22:38,063 - shapefile_utils - ERROR - Shapefile reading error: 'C:\Users\abdul\OneDrive\Đŕáî÷čé ńňîë\zilzilabot python\Data\U\ExportOutput9.shp' not recognized as a supported file format.
2026-03-17 01:22:38,297 - httpx - INFO - HTTP Request: POST https://api.telegram.org/bot6698742855:AAG0XMhviwtXTRP4pjOhBVrDCP6eyCCqu4c/editMessageText "HTTP/1.1 200 OK"
2026-03-17 01:22:47,163 - httpx - INFO - HTTP Request: POST https://api.telegram.org/bot6698742855:AAG0XMhviwtXTRP4pjOhBVrDCP6eyCCqu4c/getUpdates "HTTP/1.1 200 OK"
2026-03-17 01:22:47,702 - httpx - INFO - HTTP Request: POST https://api.telegram.org/bot6698742855:AAG0XMhviwtXTRP4pjOhBVrDCP6eyCCqu4c/getUpdates "HTTP/1.1 200 OK"
2026-03-17 01:22:48,070 - httpx - INFO - HTTP Request: POST https://api.telegram.org/bot6698742855:AAG0XMhviwtXTRP4pjOhBVrDCP6eyCCqu4c/sendMessage "HTTP/1.1 200 OK"
2026-03-17 01:22:51,122 - httpx - INFO - HTTP Request: POST https://api.telegram.org/bot6698742855:AAG0XMhviwtXTRP4pjOhBVrDCP6eyCCqu4c/getUpdates "HTTP/1.1 200 OK"
2026-03-17 01:22:51,252 - httpx - INFO - HTTP Request: POST https://api.telegram.org/bot6698742855:AAG0XMhviwtXTRP4pjOhBVrDCP6eyCCqu4c/sendMessage "HTTP/1.1 200 OK"
2026-03-17 01:22:52,762 - httpx - INFO - HTTP Request: POST https://api.telegram.org/bot6698742855:AAG0XMhviwtXTRP4pjOhBVrDCP6eyCCqu4c/getUpdates "HTTP/1.1 200 OK"
2026-03-17 01:22:52,890 - httpx - INFO - HTTP Request: POST https://api.telegram.org/bot6698742855:AAG0XMhviwtXTRP4pjOhBVrDCP6eyCCqu4c/sendMessage "HTTP/1.1 200 OK"
2026-03-17 01:22:55,408 - httpx - INFO - HTTP Request: POST https://api.telegram.org/bot6698742855:AAG0XMhviwtXTRP4pjOhBVrDCP6eyCCqu4c/getUpdates "HTTP/1.1 200 OK"
2026-03-17 01:22:55,561 - httpx - INFO - HTTP Request: POST https://api.telegram.org/bot6698742855:AAG0XMhviwtXTRP4pjOhBVrDCP6eyCCqu4c/sendMessage "HTTP/1.1 200 OK"
2026-03-17 01:22:55,712 - httpx - INFO - HTTP Request: POST https://api.telegram.org/bot6698742855:AAG0XMhviwtXTRP4pjOhBVrDCP6eyCCqu4c/sendMessage "HTTP/1.1 200 OK"
2026-03-17 01:22:55,881 - httpx - INFO - HTTP Request: POST https://api.telegram.org/bot6698742855:AAG0XMhviwtXTRP4pjOhBVrDCP6eyCCqu4c/sendMessage "HTTP/1.1 200 OK"
2026-03-17 01:23:05,517 - httpx - INFO - HTTP Request: POST https://api.telegram.org/bot6698742855:AAG0XMhviwtXTRP4pjOhBVrDCP6eyCCqu4c/getUpdates "HTTP/1.1 200 OK"
2026-03-17 01:23:15,623 - httpx - INFO - HTTP Request: POST https://api.telegram.org/bot6698742855:AAG0XMhviwtXTRP4pjOhBVrDCP6eyCCqu4c/getUpdates "HTTP/1.1 200 OK"
2026-03-17 01:23:25,728 - httpx - INFO - HTTP Request: POST https://api.telegram.org/bot6698742855:AAG0XMhviwtXTRP4pjOhBVrDCP6eyCCqu4c/getUpdates "HTTP/1.1 200 OK"
2026-03-17 01:23:35,831 - httpx - INFO - HTTP Request: POST https://api.telegram.org/bot6698742855:AAG0XMhviwtXTRP4pjOhBVrDCP6eyCCqu4c/getUpdates "HTTP/1.1 200 OK"
2026-03-17 01:23:45,932 - httpx - INFO - HTTP Request: POST https://api.telegram.org/bot6698742855:AAG0XMhviwtXTRP4pjOhBVrDCP6eyCCqu4c/getUpdates "HTTP/1.1 200 OK"
2026-03-17 01:23:56,034 - httpx - INFO - HTTP Request: POST https://api.telegram.org/bot6698742855:AAG0XMhviwtXTRP4pjOhBVrDCP6eyCCqu4c/getUpdates "HTTP/1.1 200 OK"
2026-03-17 01:24:06,140 - httpx - INFO - HTTP Request: POST https://api.telegram.org/bot6698742855:AAG0XMhviwtXTRP4pjOhBVrDCP6eyCCqu4c/getUpdates "HTTP/1.1 200 OK"
2026-03-17 01:24:16,247 - httpx - INFO - HTTP Request: POST https://api.telegram.org/bot6698742855:AAG0XMhviwtXTRP4pjOhBVrDCP6eyCCqu4c/getUpdates "HTTP/1.1 200 OK"
2026-03-17 01:24:26,352 - httpx - INFO - HTTP Request: POST https://api.telegram.org/bot6698742855:AAG0XMhviwtXTRP4pjOhBVrDCP6eyCCqu4c/getUpdates "HTTP/1.1 200 OK"
2026-03-17 01:24:36,455 - httpx - INFO - HTTP Request: POST https://api.telegram.org/bot6698742855:AAG0XMhviwtXTRP4pjOhBVrDCP6eyCCqu4c/getUpdates "HTTP/1.1 200 OK"
2026-03-17 01:24:46,562 - httpx - INFO - HTTP Request: POST https://api.telegram.org/bot6698742855:AAG0XMhviwtXTRP4pjOhBVrDCP6eyCCqu4c/getUpdates "HTTP/1.1 200 OK"
2026-03-17 01:24:56,666 - httpx - INFO - HTTP Request: POST https://api.telegram.org/bot6698742855:AAG0XMhviwtXTRP4pjOhBVrDCP6eyCCqu4c/getUpdates "HTTP/1.1 200 OK"
2026-03-17 01:25:06,770 - httpx - INFO - HTTP Request: POST https://api.telegram.org/bot6698742855:AAG0XMhviwtXTRP4pjOhBVrDCP6eyCCqu4c/getUpdates "HTTP/1.1 200 OK"
2026-03-17 01:25:14,991 - httpx - INFO - HTTP Request: POST https://api.telegram.org/bot6698742855:AAG0XMhviwtXTRP4pjOhBVrDCP6eyCCqu4c/getUpdates "HTTP/1.1 200 OK"
2026-03-17 01:25:15,365 - httpx - INFO - HTTP Request: POST https://api.telegram.org/bot6698742855:AAG0XMhviwtXTRP4pjOhBVrDCP6eyCCqu4c/sendMessage "HTTP/1.1 200 OK"
2026-03-17 01:25:16,661 - httpx - INFO - HTTP Request: POST https://api.telegram.org/bot6698742855:AAG0XMhviwtXTRP4pjOhBVrDCP6eyCCqu4c/getUpdates "HTTP/1.1 200 OK"
2026-03-17 01:25:16,812 - httpx - INFO - HTTP Request: POST https://api.telegram.org/bot6698742855:AAG0XMhviwtXTRP4pjOhBVrDCP6eyCCqu4c/sendMessage "HTTP/1.1 200 OK"
2026-03-17 01:25:19,011 - httpx - INFO - HTTP Request: POST https://api.telegram.org/bot6698742855:AAG0XMhviwtXTRP4pjOhBVrDCP6eyCCqu4c/getUpdates "HTTP/1.1 200 OK"
2026-03-17 01:25:19,139 - httpx - INFO - HTTP Request: POST https://api.telegram.org/bot6698742855:AAG0XMhviwtXTRP4pjOhBVrDCP6eyCCqu4c/sendMessage "HTTP/1.1 200 OK"
2026-03-17 01:25:19,265 - httpx - INFO - HTTP Request: POST https://api.telegram.org/bot6698742855:AAG0XMhviwtXTRP4pjOhBVrDCP6eyCCqu4c/sendMessage "HTTP/1.1 200 OK"
2026-03-17 01:25:19,414 - httpx - INFO - HTTP Request: POST https://api.telegram.org/bot6698742855:AAG0XMhviwtXTRP4pjOhBVrDCP6eyCCqu4c/sendMessage "HTTP/1.1 200 OK"
2026-03-17 01:25:29,121 - httpx - INFO - HTTP Request: POST https://api.telegram.org/bot6698742855:AAG0XMhviwtXTRP4pjOhBVrDCP6eyCCqu4c/getUpdates "HTTP/1.1 200 OK"
2026-03-17 01:25:33,153 - httpx - INFO - HTTP Request: POST https://api.telegram.org/bot6698742855:AAG0XMhviwtXTRP4pjOhBVrDCP6eyCCqu4c/getUpdates "HTTP/1.1 200 OK"
2026-03-17 01:25:36,534 - httpx - INFO - HTTP Request: POST https://api.telegram.org/bot6698742855:AAG0XMhviwtXTRP4pjOhBVrDCP6eyCCqu4c/sendMessage "HTTP/1.1 200 OK"
2026-03-17 01:25:38,000 - httpx - INFO - HTTP Request: POST https://api.telegram.org/bot6698742855:AAG0XMhviwtXTRP4pjOhBVrDCP6eyCCqu4c/getUpdates "HTTP/1.1 200 OK"
2026-03-17 01:25:38,160 - httpx - INFO - HTTP Request: POST https://api.telegram.org/bot6698742855:AAG0XMhviwtXTRP4pjOhBVrDCP6eyCCqu4c/sendMessage "HTTP/1.1 200 OK"
2026-03-17 01:25:39,073 - httpx - INFO - HTTP Request: POST https://api.telegram.org/bot6698742855:AAG0XMhviwtXTRP4pjOhBVrDCP6eyCCqu4c/getUpdates "HTTP/1.1 200 OK"
2026-03-17 01:25:39,206 - httpx - INFO - HTTP Request: POST https://api.telegram.org/bot6698742855:AAG0XMhviwtXTRP4pjOhBVrDCP6eyCCqu4c/sendMessage "HTTP/1.1 200 OK"
2026-03-17 01:25:39,345 - httpx - INFO - HTTP Request: POST https://api.telegram.org/bot6698742855:AAG0XMhviwtXTRP4pjOhBVrDCP6eyCCqu4c/sendMessage "HTTP/1.1 200 OK"
2026-03-17 01:25:39,481 - httpx - INFO - HTTP Request: POST https://api.telegram.org/bot6698742855:AAG0XMhviwtXTRP4pjOhBVrDCP6eyCCqu4c/sendMessage "HTTP/1.1 200 OK"
2026-03-17 01:25:49,180 - httpx - INFO - HTTP Request: POST https://api.telegram.org/bot6698742855:AAG0XMhviwtXTRP4pjOhBVrDCP6eyCCqu4c/getUpdates "HTTP/1.1 200 OK"
2026-03-17 01:25:59,352 - httpx - INFO - HTTP Request: POST https://api.telegram.org/bot6698742855:AAG0XMhviwtXTRP4pjOhBVrDCP6eyCCqu4c/getUpdates "HTTP/1.1 200 OK"
2026-03-17 01:26:09,455 - httpx - INFO - HTTP Request: POST https://api.telegram.org/bot6698742855:AAG0XMhviwtXTRP4pjOhBVrDCP6eyCCqu4c/getUpdates "HTTP/1.1 200 OK"
2026-03-17 01:26:19,578 - httpx - INFO - HTTP Request: POST https://api.telegram.org/bot6698742855:AAG0XMhviwtXTRP4pjOhBVrDCP6eyCCqu4c/getUpdates "HTTP/1.1 200 OK"
2026-03-17 01:26:29,695 - httpx - INFO - HTTP Request: POST https://api.telegram.org/bot6698742855:AAG0XMhviwtXTRP4pjOhBVrDCP6eyCCqu4c/getUpdates "HTTP/1.1 200 OK"
2026-03-17 01:26:39,800 - httpx - INFO - HTTP Request: POST https://api.telegram.org/bot6698742855:AAG0XMhviwtXTRP4pjOhBVrDCP6eyCCqu4c/getUpdates "HTTP/1.1 200 OK"
2026-03-17 01:26:49,904 - httpx - INFO - HTTP Request: POST https://api.telegram.org/bot6698742855:AAG0XMhviwtXTRP4pjOhBVrDCP6eyCCqu4c/getUpdates "HTTP/1.1 200 OK"
2026-03-17 01:27:00,021 - httpx - INFO - HTTP Request: POST https://api.telegram.org/bot6698742855:AAG0XMhviwtXTRP4pjOhBVrDCP6eyCCqu4c/getUpdates "HTTP/1.1 200 OK"
2026-03-17 01:27:10,123 - httpx - INFO - HTTP Request: POST https://api.telegram.org/bot6698742855:AAG0XMhviwtXTRP4pjOhBVrDCP6eyCCqu4c/getUpdates "HTTP/1.1 200 OK"
2026-03-17 01:27:14,778 - httpx - INFO - HTTP Request: POST https://api.telegram.org/bot6698742855:AAG0XMhviwtXTRP4pjOhBVrDCP6eyCCqu4c/getUpdates "HTTP/1.1 200 OK"
2026-03-17 01:27:15,129 - httpx - INFO - HTTP Request: POST https://api.telegram.org/bot6698742855:AAG0XMhviwtXTRP4pjOhBVrDCP6eyCCqu4c/sendMessage "HTTP/1.1 200 OK"
2026-03-17 01:27:16,181 - httpx - INFO - HTTP Request: POST https://api.telegram.org/bot6698742855:AAG0XMhviwtXTRP4pjOhBVrDCP6eyCCqu4c/getUpdates "HTTP/1.1 200 OK"
2026-03-17 01:27:16,305 - httpx - INFO - HTTP Request: POST https://api.telegram.org/bot6698742855:AAG0XMhviwtXTRP4pjOhBVrDCP6eyCCqu4c/sendMessage "HTTP/1.1 200 OK"
2026-03-17 01:27:17,687 - httpx - INFO - HTTP Request: POST https://api.telegram.org/bot6698742855:AAG0XMhviwtXTRP4pjOhBVrDCP6eyCCqu4c/getUpdates "HTTP/1.1 200 OK"
2026-03-17 01:27:17,810 - httpx - INFO - HTTP Request: POST https://api.telegram.org/bot6698742855:AAG0XMhviwtXTRP4pjOhBVrDCP6eyCCqu4c/sendMessage "HTTP/1.1 200 OK"
2026-03-17 01:27:17,951 - httpx - INFO - HTTP Request: POST https://api.telegram.org/bot6698742855:AAG0XMhviwtXTRP4pjOhBVrDCP6eyCCqu4c/sendMessage "HTTP/1.1 200 OK"
2026-03-17 01:27:18,087 - httpx - INFO - HTTP Request: POST https://api.telegram.org/bot6698742855:AAG0XMhviwtXTRP4pjOhBVrDCP6eyCCqu4c/sendMessage "HTTP/1.1 200 OK"
2026-03-17 01:27:27,792 - httpx - INFO - HTTP Request: POST https://api.telegram.org/bot6698742855:AAG0XMhviwtXTRP4pjOhBVrDCP6eyCCqu4c/getUpdates "HTTP/1.1 200 OK"
2026-03-17 01:27:37,893 - httpx - INFO - HTTP Request: POST https://api.telegram.org/bot6698742855:AAG0XMhviwtXTRP4pjOhBVrDCP6eyCCqu4c/getUpdates "HTTP/1.1 200 OK"
2026-03-17 01:27:48,004 - httpx - INFO - HTTP Request: POST https://api.telegram.org/bot6698742855:AAG0XMhviwtXTRP4pjOhBVrDCP6eyCCqu4c/getUpdates "HTTP/1.1 200 OK"
2026-03-17 01:27:58,110 - httpx - INFO - HTTP Request: POST https://api.telegram.org/bot6698742855:AAG0XMhviwtXTRP4pjOhBVrDCP6eyCCqu4c/getUpdates "HTTP/1.1 200 OK"
2026-03-17 01:28:08,214 - httpx - INFO - HTTP Request: POST https://api.telegram.org/bot6698742855:AAG0XMhviwtXTRP4pjOhBVrDCP6eyCCqu4c/getUpdates "HTTP/1.1 200 OK"
2026-03-17 01:28:18,314 - httpx - INFO - HTTP Request: POST https://api.telegram.org/bot6698742855:AAG0XMhviwtXTRP4pjOhBVrDCP6eyCCqu4c/getUpdates "HTTP/1.1 200 OK"
2026-03-17 01:28:28,417 - httpx - INFO - HTTP Request: POST https://api.telegram.org/bot6698742855:AAG0XMhviwtXTRP4pjOhBVrDCP6eyCCqu4c/getUpdates "HTTP/1.1 200 OK"
2026-03-17 01:28:32,120 - httpx - INFO - HTTP Request: POST https://api.telegram.org/bot6698742855:AAG0XMhviwtXTRP4pjOhBVrDCP6eyCCqu4c/getUpdates "HTTP/1.1 200 OK"
2026-03-17 01:28:32,461 - httpx - INFO - HTTP Request: POST https://api.telegram.org/bot6698742855:AAG0XMhviwtXTRP4pjOhBVrDCP6eyCCqu4c/sendMessage "HTTP/1.1 200 OK"
2026-03-17 01:28:33,574 - httpx - INFO - HTTP Request: POST https://api.telegram.org/bot6698742855:AAG0XMhviwtXTRP4pjOhBVrDCP6eyCCqu4c/getUpdates "HTTP/1.1 200 OK"
2026-03-17 01:28:33,698 - httpx - INFO - HTTP Request: POST https://api.telegram.org/bot6698742855:AAG0XMhviwtXTRP4pjOhBVrDCP6eyCCqu4c/sendMessage "HTTP/1.1 200 OK"
2026-03-17 01:28:34,496 - httpx - INFO - HTTP Request: POST https://api.telegram.org/bot6698742855:AAG0XMhviwtXTRP4pjOhBVrDCP6eyCCqu4c/getUpdates "HTTP/1.1 200 OK"
2026-03-17 01:28:34,619 - httpx - INFO - HTTP Request: POST https://api.telegram.org/bot6698742855:AAG0XMhviwtXTRP4pjOhBVrDCP6eyCCqu4c/sendMessage "HTTP/1.1 200 OK"
2026-03-17 01:28:34,743 - httpx - INFO - HTTP Request: POST https://api.telegram.org/bot6698742855:AAG0XMhviwtXTRP4pjOhBVrDCP6eyCCqu4c/sendMessage "HTTP/1.1 200 OK"
2026-03-17 01:28:34,869 - httpx - INFO - HTTP Request: POST https://api.telegram.org/bot6698742855:AAG0XMhviwtXTRP4pjOhBVrDCP6eyCCqu4c/sendMessage "HTTP/1.1 200 OK"
2026-03-17 01:28:44,624 - httpx - INFO - HTTP Request: POST https://api.telegram.org/bot6698742855:AAG0XMhviwtXTRP4pjOhBVrDCP6eyCCqu4c/getUpdates "HTTP/1.1 200 OK"
2026-03-17 01:28:54,734 - httpx - INFO - HTTP Request: POST https://api.telegram.org/bot6698742855:AAG0XMhviwtXTRP4pjOhBVrDCP6eyCCqu4c/getUpdates "HTTP/1.1 200 OK"
2026-03-17 01:29:04,836 - httpx - INFO - HTTP Request: POST https://api.telegram.org/bot6698742855:AAG0XMhviwtXTRP4pjOhBVrDCP6eyCCqu4c/getUpdates "HTTP/1.1 200 OK"
2026-03-17 01:29:14,945 - httpx - INFO - HTTP Request: POST https://api.telegram.org/bot6698742855:AAG0XMhviwtXTRP4pjOhBVrDCP6eyCCqu4c/getUpdates "HTTP/1.1 200 OK"
2026-03-17 01:29:25,054 - httpx - INFO - HTTP Request: POST https://api.telegram.org/bot6698742855:AAG0XMhviwtXTRP4pjOhBVrDCP6eyCCqu4c/getUpdates "HTTP/1.1 200 OK"
2026-03-17 01:29:35,156 - httpx - INFO - HTTP Request: POST https://api.telegram.org/bot6698742855:AAG0XMhviwtXTRP4pjOhBVrDCP6eyCCqu4c/getUpdates "HTTP/1.1 200 OK"
2026-03-17 01:29:45,260 - httpx - INFO - HTTP Request: POST https://api.telegram.org/bot6698742855:AAG0XMhviwtXTRP4pjOhBVrDCP6eyCCqu4c/getUpdates "HTTP/1.1 200 OK"
2026-03-17 01:29:55,511 - httpx - INFO - HTTP Request: POST https://api.telegram.org/bot6698742855:AAG0XMhviwtXTRP4pjOhBVrDCP6eyCCqu4c/getUpdates "HTTP/1.1 200 OK"
2026-03-17 01:30:05,615 - httpx - INFO - HTTP Request: POST https://api.telegram.org/bot6698742855:AAG0XMhviwtXTRP4pjOhBVrDCP6eyCCqu4c/getUpdates "HTTP/1.1 200 OK"
2026-03-17 01:30:15,720 - httpx - INFO - HTTP Request: POST https://api.telegram.org/bot6698742855:AAG0XMhviwtXTRP4pjOhBVrDCP6eyCCqu4c/getUpdates "HTTP/1.1 200 OK"
2026-03-17 01:30:25,824 - httpx - INFO - HTTP Request: POST https://api.telegram.org/bot6698742855:AAG0XMhviwtXTRP4pjOhBVrDCP6eyCCqu4c/getUpdates "HTTP/1.1 200 OK"
2026-03-17 01:30:35,927 - httpx - INFO - HTTP Request: POST https://api.telegram.org/bot6698742855:AAG0XMhviwtXTRP4pjOhBVrDCP6eyCCqu4c/getUpdates "HTTP/1.1 200 OK"
2026-03-17 01:30:46,030 - httpx - INFO - HTTP Request: POST https://api.telegram.org/bot6698742855:AAG0XMhviwtXTRP4pjOhBVrDCP6eyCCqu4c/getUpdates "HTTP/1.1 200 OK"
2026-03-17 01:30:56,133 - httpx - INFO - HTTP Request: POST https://api.telegram.org/bot6698742855:AAG0XMhviwtXTRP4pjOhBVrDCP6eyCCqu4c/getUpdates "HTTP/1.1 200 OK"
2026-03-17 01:31:06,235 - httpx - INFO - HTTP Request: POST https://api.telegram.org/bot6698742855:AAG0XMhviwtXTRP4pjOhBVrDCP6eyCCqu4c/getUpdates "HTTP/1.1 200 OK"
2026-03-17 01:31:16,336 - httpx - INFO - HTTP Request: POST https://api.telegram.org/bot6698742855:AAG0XMhviwtXTRP4pjOhBVrDCP6eyCCqu4c/getUpdates "HTTP/1.1 200 OK"
2026-03-17 01:31:26,438 - httpx - INFO - HTTP Request: POST https://api.telegram.org/bot6698742855:AAG0XMhviwtXTRP4pjOhBVrDCP6eyCCqu4c/getUpdates "HTTP/1.1 200 OK"
2026-03-17 01:31:36,540 - httpx - INFO - HTTP Request: POST https://api.telegram.org/bot6698742855:AAG0XMhviwtXTRP4pjOhBVrDCP6eyCCqu4c/getUpdates "HTTP/1.1 200 OK"
2026-03-17 01:31:46,643 - httpx - INFO - HTTP Request: POST https://api.telegram.org/bot6698742855:AAG0XMhviwtXTRP4pjOhBVrDCP6eyCCqu4c/getUpdates "HTTP/1.1 200 OK"
2026-03-17 01:31:56,748 - httpx - INFO - HTTP Request: POST https://api.telegram.org/bot6698742855:AAG0XMhviwtXTRP4pjOhBVrDCP6eyCCqu4c/getUpdates "HTTP/1.1 200 OK"
2026-03-17 01:32:06,849 - httpx - INFO - HTTP Request: POST https://api.telegram.org/bot6698742855:AAG0XMhviwtXTRP4pjOhBVrDCP6eyCCqu4c/getUpdates "HTTP/1.1 200 OK"
2026-03-17 01:32:16,992 - httpx - INFO - HTTP Request: POST https://api.telegram.org/bot6698742855:AAG0XMhviwtXTRP4pjOhBVrDCP6eyCCqu4c/getUpdates "HTTP/1.1 200 OK"
2026-03-17 01:32:27,097 - httpx - INFO - HTTP Request: POST https://api.telegram.org/bot6698742855:AAG0XMhviwtXTRP4pjOhBVrDCP6eyCCqu4c/getUpdates "HTTP/1.1 200 OK"
2026-03-17 01:32:37,200 - httpx - INFO - HTTP Request: POST https://api.telegram.org/bot6698742855:AAG0XMhviwtXTRP4pjOhBVrDCP6eyCCqu4c/getUpdates "HTTP/1.1 200 OK"
2026-03-17 01:32:47,303 - httpx - INFO - HTTP Request: POST https://api.telegram.org/bot6698742855:AAG0XMhviwtXTRP4pjOhBVrDCP6eyCCqu4c/getUpdates "HTTP/1.1 200 OK"
2026-03-17 01:32:57,408 - httpx - INFO - HTTP Request: POST https://api.telegram.org/bot6698742855:AAG0XMhviwtXTRP4pjOhBVrDCP6eyCCqu4c/getUpdates "HTTP/1.1 200 OK"
2026-03-17 01:33:07,512 - httpx - INFO - HTTP Request: POST https://api.telegram.org/bot6698742855:AAG0XMhviwtXTRP4pjOhBVrDCP6eyCCqu4c/getUpdates "HTTP/1.1 200 OK"
2026-03-17 01:33:17,614 - httpx - INFO - HTTP Request: POST https://api.telegram.org/bot6698742855:AAG0XMhviwtXTRP4pjOhBVrDCP6eyCCqu4c/getUpdates "HTTP/1.1 200 OK"
2026-03-17 01:33:27,718 - httpx - INFO - HTTP Request: POST https://api.telegram.org/bot6698742855:AAG0XMhviwtXTRP4pjOhBVrDCP6eyCCqu4c/getUpdates "HTTP/1.1 200 OK"
2026-03-17 01:33:37,821 - httpx - INFO - HTTP Request: POST https://api.telegram.org/bot6698742855:AAG0XMhviwtXTRP4pjOhBVrDCP6eyCCqu4c/getUpdates "HTTP/1.1 200 OK"
2026-03-17 01:33:47,923 - httpx - INFO - HTTP Request: POST https://api.telegram.org/bot6698742855:AAG0XMhviwtXTRP4pjOhBVrDCP6eyCCqu4c/getUpdates "HTTP/1.1 200 OK"
2026-03-17 01:33:58,027 - httpx - INFO - HTTP Request: POST https://api.telegram.org/bot6698742855:AAG0XMhviwtXTRP4pjOhBVrDCP6eyCCqu4c/getUpdates "HTTP/1.1 200 OK"
2026-03-17 01:34:08,141 - httpx - INFO - HTTP Request: POST https://api.telegram.org/bot6698742855:AAG0XMhviwtXTRP4pjOhBVrDCP6eyCCqu4c/getUpdates "HTTP/1.1 200 OK"
2026-03-17 01:34:18,261 - httpx - INFO - HTTP Request: POST https://api.telegram.org/bot6698742855:AAG0XMhviwtXTRP4pjOhBVrDCP6eyCCqu4c/getUpdates "HTTP/1.1 200 OK"
2026-03-17 01:34:28,363 - httpx - INFO - HTTP Request: POST https://api.telegram.org/bot6698742855:AAG0XMhviwtXTRP4pjOhBVrDCP6eyCCqu4c/getUpdates "HTTP/1.1 200 OK"
2026-03-17 01:34:38,465 - httpx - INFO - HTTP Request: POST https://api.telegram.org/bot6698742855:AAG0XMhviwtXTRP4pjOhBVrDCP6eyCCqu4c/getUpdates "HTTP/1.1 200 OK"
2026-03-17 01:34:48,567 - httpx - INFO - HTTP Request: POST https://api.telegram.org/bot6698742855:AAG0XMhviwtXTRP4pjOhBVrDCP6eyCCqu4c/getUpdates "HTTP/1.1 200 OK"
2026-03-17 01:34:58,674 - httpx - INFO - HTTP Request: POST https://api.telegram.org/bot6698742855:AAG0XMhviwtXTRP4pjOhBVrDCP6eyCCqu4c/getUpdates "HTTP/1.1 200 OK"
2026-03-17 01:35:08,790 - httpx - INFO - HTTP Request: POST https://api.telegram.org/bot6698742855:AAG0XMhviwtXTRP4pjOhBVrDCP6eyCCqu4c/getUpdates "HTTP/1.1 200 OK"
2026-03-17 01:35:18,895 - httpx - INFO - HTTP Request: POST https://api.telegram.org/bot6698742855:AAG0XMhviwtXTRP4pjOhBVrDCP6eyCCqu4c/getUpdates "HTTP/1.1 200 OK"
2026-03-17 01:41:45,399 - __main__ - WARNING - Shapefile not found at: C:\Users\abdul\OneDrive\Đŕáî÷čé ńňîë\zilzilabot python\Data\U\ExportOutput9.shp
2026-03-17 01:41:45,399 - __main__ - WARNING - Location detection will not work until shapefile is added!
2026-03-17 01:41:45,400 - __main__ - WARNING - Please add your shapefile to: Data/U/ExportOutput9.shp
2026-03-17 01:41:45,432 - __main__ - INFO - Bot ishga tushdi! Waiting for messages...
2026-03-17 01:41:45,433 - __main__ - INFO - Telegram channel: Seysmik Xavfsizlik kanali - https://t.me/seysmik_xavfsizlik_1
2026-03-17 01:41:45,782 - httpx - INFO - HTTP Request: POST https://api.telegram.org/bot6698742855:AAG0XMhviwtXTRP4pjOhBVrDCP6eyCCqu4c/getMe "HTTP/1.1 200 OK"
2026-03-17 01:41:45,891 - httpx - INFO - HTTP Request: POST https://api.telegram.org/bot6698742855:AAG0XMhviwtXTRP4pjOhBVrDCP6eyCCqu4c/deleteWebhook "HTTP/1.1 200 OK"
2026-03-17 01:41:45,893 - telegram.ext.Application - INFO - Application started
2026-03-17 01:41:56,257 - httpx - INFO - HTTP Request: POST https://api.telegram.org/bot6698742855:AAG0XMhviwtXTRP4pjOhBVrDCP6eyCCqu4c/getUpdates "HTTP/1.1 200 OK"
2026-03-17 01:42:04,683 - httpx - INFO - HTTP Request: POST https://api.telegram.org/bot6698742855:AAG0XMhviwtXTRP4pjOhBVrDCP6eyCCqu4c/getUpdates "HTTP/1.1 200 OK"
2026-03-17 01:42:05,031 - httpx - INFO - HTTP Request: POST https://api.telegram.org/bot6698742855:AAG0XMhviwtXTRP4pjOhBVrDCP6eyCCqu4c/sendMessage "HTTP/1.1 200 OK"
2026-03-17 01:42:08,885 - httpx - INFO - HTTP Request: POST https://api.telegram.org/bot6698742855:AAG0XMhviwtXTRP4pjOhBVrDCP6eyCCqu4c/getUpdates "HTTP/1.1 200 OK"
2026-03-17 01:42:09,013 - httpx - INFO - HTTP Request: POST https://api.telegram.org/bot6698742855:AAG0XMhviwtXTRP4pjOhBVrDCP6eyCCqu4c/sendMessage "HTTP/1.1 200 OK"
2026-03-17 01:42:11,332 - httpx - INFO - HTTP Request: POST https://api.telegram.org/bot6698742855:AAG0XMhviwtXTRP4pjOhBVrDCP6eyCCqu4c/getUpdates "HTTP/1.1 200 OK"
2026-03-17 01:42:11,461 - httpx - INFO - HTTP Request: POST https://api.telegram.org/bot6698742855:AAG0XMhviwtXTRP4pjOhBVrDCP6eyCCqu4c/sendMessage "HTTP/1.1 200 OK"
2026-03-17 01:42:11,464 - shapefile_utils - ERROR - Shapefile not found: C:\Users\abdul\OneDrive\Đŕáî÷čé ńňîë\zilzilabot python\Data\U\ExportOutput9.shp
2026-03-17 01:42:11,590 - httpx - INFO - HTTP Request: POST https://api.telegram.org/bot6698742855:AAG0XMhviwtXTRP4pjOhBVrDCP6eyCCqu4c/editMessageText "HTTP/1.1 200 OK"
2026-03-17 01:42:15,464 - httpx - INFO - HTTP Request: POST https://api.telegram.org/bot6698742855:AAG0XMhviwtXTRP4pjOhBVrDCP6eyCCqu4c/getUpdates "HTTP/1.1 200 OK"
2026-03-17 01:42:25,153 - httpx - INFO - HTTP Request: POST https://api.telegram.org/bot6698742855:AAG0XMhviwtXTRP4pjOhBVrDCP6eyCCqu4c/getUpdates "HTTP/1.1 200 OK"
2026-03-17 01:42:25,505 - httpx - INFO - HTTP Request: POST https://api.telegram.org/bot6698742855:AAG0XMhviwtXTRP4pjOhBVrDCP6eyCCqu4c/sendMessage "HTTP/1.1 200 OK"
2026-03-17 01:42:27,093 - httpx - INFO - HTTP Request: POST https://api.telegram.org/bot6698742855:AAG0XMhviwtXTRP4pjOhBVrDCP6eyCCqu4c/getUpdates "HTTP/1.1 200 OK"
2026-03-17 01:42:27,230 - httpx - INFO - HTTP Request: POST https://api.telegram.org/bot6698742855:AAG0XMhviwtXTRP4pjOhBVrDCP6eyCCqu4c/sendMessage "HTTP/1.1 200 OK"
2026-03-17 01:42:28,799 - httpx - INFO - HTTP Request: POST https://api.telegram.org/bot6698742855:AAG0XMhviwtXTRP4pjOhBVrDCP6eyCCqu4c/getUpdates "HTTP/1.1 200 OK"
2026-03-17 01:42:29,116 - httpx - INFO - HTTP Request: POST https://api.telegram.org/bot6698742855:AAG0XMhviwtXTRP4pjOhBVrDCP6eyCCqu4c/sendMessage "HTTP/1.1 200 OK"
2026-03-17 01:42:29,240 - httpx - INFO - HTTP Request: POST https://api.telegram.org/bot6698742855:AAG0XMhviwtXTRP4pjOhBVrDCP6eyCCqu4c/sendMessage "HTTP/1.1 200 OK"
2026-03-17 01:42:29,406 - httpx - INFO - HTTP Request: POST https://api.telegram.org/bot6698742855:AAG0XMhviwtXTRP4pjOhBVrDCP6eyCCqu4c/sendMessage "HTTP/1.1 200 OK"
2026-03-17 01:42:38,943 - httpx - INFO - HTTP Request: POST https://api.telegram.org/bot6698742855:AAG0XMhviwtXTRP4pjOhBVrDCP6eyCCqu4c/getUpdates "HTTP/1.1 200 OK"
2026-03-17 01:42:49,046 - httpx - INFO - HTTP Request: POST https://api.telegram.org/bot6698742855:AAG0XMhviwtXTRP4pjOhBVrDCP6eyCCqu4c/getUpdates "HTTP/1.1 200 OK"
2026-03-17 01:42:59,148 - httpx - INFO - HTTP Request: POST https://api.telegram.org/bot6698742855:AAG0XMhviwtXTRP4pjOhBVrDCP6eyCCqu4c/getUpdates "HTTP/1.1 200 OK"
2026-03-17 01:43:02,632 - httpx - INFO - HTTP Request: POST https://api.telegram.org/bot6698742855:AAG0XMhviwtXTRP4pjOhBVrDCP6eyCCqu4c/getUpdates "HTTP/1.1 200 OK"
2026-03-17 01:43:02,972 - httpx - INFO - HTTP Request: POST https://api.telegram.org/bot6698742855:AAG0XMhviwtXTRP4pjOhBVrDCP6eyCCqu4c/sendMessage "HTTP/1.1 200 OK"
2026-03-17 01:43:05,147 - httpx - INFO - HTTP Request: POST https://api.telegram.org/bot6698742855:AAG0XMhviwtXTRP4pjOhBVrDCP6eyCCqu4c/getUpdates "HTTP/1.1 200 OK"
2026-03-17 01:43:05,275 - httpx - INFO - HTTP Request: POST https://api.telegram.org/bot6698742855:AAG0XMhviwtXTRP4pjOhBVrDCP6eyCCqu4c/sendMessage "HTTP/1.1 200 OK"
2026-03-17 01:43:15,253 - httpx - INFO - HTTP Request: POST https://api.telegram.org/bot6698742855:AAG0XMhviwtXTRP4pjOhBVrDCP6eyCCqu4c/getUpdates "HTTP/1.1 200 OK"
2026-03-17 01:43:21,307 - httpx - INFO - HTTP Request: POST https://api.telegram.org/bot6698742855:AAG0XMhviwtXTRP4pjOhBVrDCP6eyCCqu4c/getUpdates "HTTP/1.1 200 OK"
2026-03-17 01:43:21,678 - httpx - INFO - HTTP Request: POST https://api.telegram.org/bot6698742855:AAG0XMhviwtXTRP4pjOhBVrDCP6eyCCqu4c/sendMessage "HTTP/1.1 200 OK"
2026-03-17 01:43:21,680 - shapefile_utils - ERROR - Shapefile not found: C:\Users\abdul\OneDrive\Đŕáî÷čé ńňîë\zilzilabot python\Data\U\ExportOutput9.shp
2026-03-17 01:43:21,828 - httpx - INFO - HTTP Request: POST https://api.telegram.org/bot6698742855:AAG0XMhviwtXTRP4pjOhBVrDCP6eyCCqu4c/editMessageText "HTTP/1.1 200 OK"
2026-03-17 01:43:31,412 - httpx - INFO - HTTP Request: POST https://api.telegram.org/bot6698742855:AAG0XMhviwtXTRP4pjOhBVrDCP6eyCCqu4c/getUpdates "HTTP/1.1 200 OK"
2026-03-17 01:43:41,519 - httpx - INFO - HTTP Request: POST https://api.telegram.org/bot6698742855:AAG0XMhviwtXTRP4pjOhBVrDCP6eyCCqu4c/getUpdates "HTTP/1.1 200 OK"
2026-03-17 01:43:51,625 - httpx - INFO - HTTP Request: POST https://api.telegram.org/bot6698742855:AAG0XMhviwtXTRP4pjOhBVrDCP6eyCCqu4c/getUpdates "HTTP/1.1 200 OK"
2026-03-17 01:44:01,734 - httpx - INFO - HTTP Request: POST https://api.telegram.org/bot6698742855:AAG0XMhviwtXTRP4pjOhBVrDCP6eyCCqu4c/getUpdates "HTTP/1.1 200 OK"
2026-03-17 01:44:11,844 - httpx - INFO - HTTP Request: POST https://api.telegram.org/bot6698742855:AAG0XMhviwtXTRP4pjOhBVrDCP6eyCCqu4c/getUpdates "HTTP/1.1 200 OK"
2026-03-17 01:44:21,959 - httpx - INFO - HTTP Request: POST https://api.telegram.org/bot6698742855:AAG0XMhviwtXTRP4pjOhBVrDCP6eyCCqu4c/getUpdates "HTTP/1.1 200 OK"
2026-03-17 01:44:32,064 - httpx - INFO - HTTP Request: POST https://api.telegram.org/bot6698742855:AAG0XMhviwtXTRP4pjOhBVrDCP6eyCCqu4c/getUpdates "HTTP/1.1 200 OK"
2026-03-17 01:44:42,176 - httpx - INFO - HTTP Request: POST https://api.telegram.org/bot6698742855:AAG0XMhviwtXTRP4pjOhBVrDCP6eyCCqu4c/getUpdates "HTTP/1.1 200 OK"
2026-03-17 01:44:46,130 - httpx - INFO - HTTP Request: POST https://api.telegram.org/bot6698742855:AAG0XMhviwtXTRP4pjOhBVrDCP6eyCCqu4c/getUpdates "HTTP/1.1 200 OK"
2026-03-17 01:44:46,538 - httpx - INFO - HTTP Request: POST https://api.telegram.org/bot6698742855:AAG0XMhviwtXTRP4pjOhBVrDCP6eyCCqu4c/sendMessage "HTTP/1.1 200 OK"
2026-03-17 01:44:55,689 - httpx - INFO - HTTP Request: POST https://api.telegram.org/bot6698742855:AAG0XMhviwtXTRP4pjOhBVrDCP6eyCCqu4c/getUpdates "HTTP/1.1 200 OK"
2026-03-17 01:44:56,023 - httpx - INFO - HTTP Request: POST https://api.telegram.org/bot6698742855:AAG0XMhviwtXTRP4pjOhBVrDCP6eyCCqu4c/sendMessage "HTTP/1.1 200 OK"
2026-03-17 01:45:05,795 - httpx - INFO - HTTP Request: POST https://api.telegram.org/bot6698742855:AAG0XMhviwtXTRP4pjOhBVrDCP6eyCCqu4c/getUpdates "HTTP/1.1 200 OK"
2026-03-17 01:45:16,008 - httpx - INFO - HTTP Request: POST https://api.telegram.org/bot6698742855:AAG0XMhviwtXTRP4pjOhBVrDCP6eyCCqu4c/getUpdates "HTTP/1.1 200 OK"
2026-03-17 01:45:24,504 - httpx - INFO - HTTP Request: POST https://api.telegram.org/bot6698742855:AAG0XMhviwtXTRP4pjOhBVrDCP6eyCCqu4c/getUpdates "HTTP/1.1 200 OK"
2026-03-17 01:45:28,190 - httpx - INFO - HTTP Request: POST https://api.telegram.org/bot6698742855:AAG0XMhviwtXTRP4pjOhBVrDCP6eyCCqu4c/getUpdates "HTTP/1.1 200 OK"
2026-03-17 01:45:28,583 - httpx - INFO - HTTP Request: POST https://api.telegram.org/bot6698742855:AAG0XMhviwtXTRP4pjOhBVrDCP6eyCCqu4c/sendMessage "HTTP/1.1 200 OK"
2026-03-17 01:45:29,742 - httpx - INFO - HTTP Request: POST https://api.telegram.org/bot6698742855:AAG0XMhviwtXTRP4pjOhBVrDCP6eyCCqu4c/getUpdates "HTTP/1.1 200 OK"
2026-03-17 01:45:29,923 - httpx - INFO - HTTP Request: POST https://api.telegram.org/bot6698742855:AAG0XMhviwtXTRP4pjOhBVrDCP6eyCCqu4c/sendMessage "HTTP/1.1 200 OK"
2026-03-17 01:45:31,893 - httpx - INFO - HTTP Request: POST https://api.telegram.org/bot6698742855:AAG0XMhviwtXTRP4pjOhBVrDCP6eyCCqu4c/getUpdates "HTTP/1.1 200 OK"
2026-03-17 01:45:32,034 - httpx - INFO - HTTP Request: POST https://api.telegram.org/bot6698742855:AAG0XMhviwtXTRP4pjOhBVrDCP6eyCCqu4c/sendMessage "HTTP/1.1 200 OK"
2026-03-17 01:45:32,035 - shapefile_utils - ERROR - Shapefile not found: C:\Users\abdul\OneDrive\Đŕáî÷čé ńňîë\zilzilabot python\Data\U\ExportOutput9.shp
2026-03-17 01:45:32,181 - httpx - INFO - HTTP Request: POST https://api.telegram.org/bot6698742855:AAG0XMhviwtXTRP4pjOhBVrDCP6eyCCqu4c/editMessageText "HTTP/1.1 200 OK"
2026-03-17 01:45:34,664 - httpx - INFO - HTTP Request: POST https://api.telegram.org/bot6698742855:AAG0XMhviwtXTRP4pjOhBVrDCP6eyCCqu4c/getUpdates "HTTP/1.1 200 OK"
2026-03-17 01:45:34,787 - httpx - INFO - HTTP Request: POST https://api.telegram.org/bot6698742855:AAG0XMhviwtXTRP4pjOhBVrDCP6eyCCqu4c/sendMessage "HTTP/1.1 200 OK"
2026-03-17 01:45:34,788 - shapefile_utils - ERROR - Shapefile not found: C:\Users\abdul\OneDrive\Đŕáî÷čé ńňîë\zilzilabot python\Data\U\ExportOutput9.shp
2026-03-17 01:45:34,929 - httpx - INFO - HTTP Request: POST https://api.telegram.org/bot6698742855:AAG0XMhviwtXTRP4pjOhBVrDCP6eyCCqu4c/editMessageText "HTTP/1.1 200 OK"
2026-03-17 01:45:44,792 - httpx - INFO - HTTP Request: POST https://api.telegram.org/bot6698742855:AAG0XMhviwtXTRP4pjOhBVrDCP6eyCCqu4c/getUpdates "HTTP/1.1 200 OK"
2026-03-17 01:45:54,896 - httpx - INFO - HTTP Request: POST https://api.telegram.org/bot6698742855:AAG0XMhviwtXTRP4pjOhBVrDCP6eyCCqu4c/getUpdates "HTTP/1.1 200 OK"
2026-03-17 01:46:05,000 - httpx - INFO - HTTP Request: POST https://api.telegram.org/bot6698742855:AAG0XMhviwtXTRP4pjOhBVrDCP6eyCCqu4c/getUpdates "HTTP/1.1 200 OK"
2026-03-17 01:46:15,105 - httpx - INFO - HTTP Request: POST https://api.telegram.org/bot6698742855:AAG0XMhviwtXTRP4pjOhBVrDCP6eyCCqu4c/getUpdates "HTTP/1.1 200 OK"
2026-03-17 01:46:25,215 - httpx - INFO - HTTP Request: POST https://api.telegram.org/bot6698742855:AAG0XMhviwtXTRP4pjOhBVrDCP6eyCCqu4c/getUpdates "HTTP/1.1 200 OK"
2026-03-17 01:46:35,323 - httpx - INFO - HTTP Request: POST https://api.telegram.org/bot6698742855:AAG0XMhviwtXTRP4pjOhBVrDCP6eyCCqu4c/getUpdates "HTTP/1.1 200 OK"
2026-03-17 01:46:45,432 - httpx - INFO - HTTP Request: POST https://api.telegram.org/bot6698742855:AAG0XMhviwtXTRP4pjOhBVrDCP6eyCCqu4c/getUpdates "HTTP/1.1 200 OK"
2026-03-17 01:46:55,557 - httpx - INFO - HTTP Request: POST https://api.telegram.org/bot6698742855:AAG0XMhviwtXTRP4pjOhBVrDCP6eyCCqu4c/getUpdates "HTTP/1.1 200 OK"
2026-03-17 01:47:05,676 - httpx - INFO - HTTP Request: POST https://api.telegram.org/bot6698742855:AAG0XMhviwtXTRP4pjOhBVrDCP6eyCCqu4c/getUpdates "HTTP/1.1 200 OK"
2026-03-17 01:47:15,784 - httpx - INFO - HTTP Request: POST https://api.telegram.org/bot6698742855:AAG0XMhviwtXTRP4pjOhBVrDCP6eyCCqu4c/getUpdates "HTTP/1.1 200 OK"
2026-03-17 01:47:25,891 - httpx - INFO - HTTP Request: POST https://api.telegram.org/bot6698742855:AAG0XMhviwtXTRP4pjOhBVrDCP6eyCCqu4c/getUpdates "HTTP/1.1 200 OK"
2026-03-17 01:47:35,996 - httpx - INFO - HTTP Request: POST https://api.telegram.org/bot6698742855:AAG0XMhviwtXTRP4pjOhBVrDCP6eyCCqu4c/getUpdates "HTTP/1.1 200 OK"
2026-03-17 01:47:46,098 - httpx - INFO - HTTP Request: POST https://api.telegram.org/bot6698742855:AAG0XMhviwtXTRP4pjOhBVrDCP6eyCCqu4c/getUpdates "HTTP/1.1 200 OK"
2026-03-17 01:47:56,202 - httpx - INFO - HTTP Request: POST https://api.telegram.org/bot6698742855:AAG0XMhviwtXTRP4pjOhBVrDCP6eyCCqu4c/getUpdates "HTTP/1.1 200 OK"
2026-03-17 01:48:06,323 - httpx - INFO - HTTP Request: POST https://api.telegram.org/bot6698742855:AAG0XMhviwtXTRP4pjOhBVrDCP6eyCCqu4c/getUpdates "HTTP/1.1 200 OK"
2026-03-17 01:48:16,427 - httpx - INFO - HTTP Request: POST https://api.telegram.org/bot6698742855:AAG0XMhviwtXTRP4pjOhBVrDCP6eyCCqu4c/getUpdates "HTTP/1.1 200 OK"
2026-03-17 01:48:26,532 - httpx - INFO - HTTP Request: POST https://api.telegram.org/bot6698742855:AAG0XMhviwtXTRP4pjOhBVrDCP6eyCCqu4c/getUpdates "HTTP/1.1 200 OK"
2026-03-17 01:48:36,637 - httpx - INFO - HTTP Request: POST https://api.telegram.org/bot6698742855:AAG0XMhviwtXTRP4pjOhBVrDCP6eyCCqu4c/getUpdates "HTTP/1.1 200 OK"
2026-03-17 01:48:46,750 - httpx - INFO - HTTP Request: POST https://api.telegram.org/bot6698742855:AAG0XMhviwtXTRP4pjOhBVrDCP6eyCCqu4c/getUpdates "HTTP/1.1 200 OK"
2026-03-17 01:48:56,869 - httpx - INFO - HTTP Request: POST https://api.telegram.org/bot6698742855:AAG0XMhviwtXTRP4pjOhBVrDCP6eyCCqu4c/getUpdates "HTTP/1.1 200 OK"
2026-03-17 01:49:06,972 - httpx - INFO - HTTP Request: POST https://api.telegram.org/bot6698742855:AAG0XMhviwtXTRP4pjOhBVrDCP6eyCCqu4c/getUpdates "HTTP/1.1 200 OK"
2026-03-17 01:49:17,075 - httpx - INFO - HTTP Request: POST https://api.telegram.org/bot6698742855:AAG0XMhviwtXTRP4pjOhBVrDCP6eyCCqu4c/getUpdates "HTTP/1.1 200 OK"
2026-03-17 01:49:27,193 - httpx - INFO - HTTP Request: POST https://api.telegram.org/bot6698742855:AAG0XMhviwtXTRP4pjOhBVrDCP6eyCCqu4c/getUpdates "HTTP/1.1 200 OK"
2026-03-17 01:49:37,297 - httpx - INFO - HTTP Request: POST https://api.telegram.org/bot6698742855:AAG0XMhviwtXTRP4pjOhBVrDCP6eyCCqu4c/getUpdates "HTTP/1.1 200 OK"
2026-03-17 01:49:47,400 - httpx - INFO - HTTP Request: POST https://api.telegram.org/bot6698742855:AAG0XMhviwtXTRP4pjOhBVrDCP6eyCCqu4c/getUpdates "HTTP/1.1 200 OK"
2026-03-17 01:49:57,500 - httpx - INFO - HTTP Request: POST https://api.telegram.org/bot6698742855:AAG0XMhviwtXTRP4pjOhBVrDCP6eyCCqu4c/getUpdates "HTTP/1.1 200 OK"
2026-03-17 01:50:07,603 - httpx - INFO - HTTP Request: POST https://api.telegram.org/bot6698742855:AAG0XMhviwtXTRP4pjOhBVrDCP6eyCCqu4c/getUpdates "HTTP/1.1 200 OK"
2026-03-17 01:50:17,708 - httpx - INFO - HTTP Request: POST https://api.telegram.org/bot6698742855:AAG0XMhviwtXTRP4pjOhBVrDCP6eyCCqu4c/getUpdates "HTTP/1.1 200 OK"
2026-03-17 01:50:27,812 - httpx - INFO - HTTP Request: POST https://api.telegram.org/bot6698742855:AAG0XMhviwtXTRP4pjOhBVrDCP6eyCCqu4c/getUpdates "HTTP/1.1 200 OK"
2026-03-17 01:50:37,915 - httpx - INFO - HTTP Request: POST https://api.telegram.org/bot6698742855:AAG0XMhviwtXTRP4pjOhBVrDCP6eyCCqu4c/getUpdates "HTTP/1.1 200 OK"
2026-03-17 01:50:48,019 - httpx - INFO - HTTP Request: POST https://api.telegram.org/bot6698742855:AAG0XMhviwtXTRP4pjOhBVrDCP6eyCCqu4c/getUpdates "HTTP/1.1 200 OK"
2026-03-17 01:50:58,124 - httpx - INFO - HTTP Request: POST https://api.telegram.org/bot6698742855:AAG0XMhviwtXTRP4pjOhBVrDCP6eyCCqu4c/getUpdates "HTTP/1.1 200 OK"
2026-03-17 01:51:08,228 - httpx - INFO - HTTP Request: POST https://api.telegram.org/bot6698742855:AAG0XMhviwtXTRP4pjOhBVrDCP6eyCCqu4c/getUpdates "HTTP/1.1 200 OK"
2026-03-17 01:51:18,332 - httpx - INFO - HTTP Request: POST https://api.telegram.org/bot6698742855:AAG0XMhviwtXTRP4pjOhBVrDCP6eyCCqu4c/getUpdates "HTTP/1.1 200 OK"
2026-03-17 01:51:28,433 - httpx - INFO - HTTP Request: POST https://api.telegram.org/bot6698742855:AAG0XMhviwtXTRP4pjOhBVrDCP6eyCCqu4c/getUpdates "HTTP/1.1 200 OK"
2026-03-17 01:51:38,542 - httpx - INFO - HTTP Request: POST https://api.telegram.org/bot6698742855:AAG0XMhviwtXTRP4pjOhBVrDCP6eyCCqu4c/getUpdates "HTTP/1.1 200 OK"
2026-03-17 01:51:48,646 - httpx - INFO - HTTP Request: POST https://api.telegram.org/bot6698742855:AAG0XMhviwtXTRP4pjOhBVrDCP6eyCCqu4c/getUpdates "HTTP/1.1 200 OK"
2026-03-17 01:51:58,754 - httpx - INFO - HTTP Request: POST https://api.telegram.org/bot6698742855:AAG0XMhviwtXTRP4pjOhBVrDCP6eyCCqu4c/getUpdates "HTTP/1.1 200 OK"
2026-03-17 01:52:08,857 - httpx - INFO - HTTP Request: POST https://api.telegram.org/bot6698742855:AAG0XMhviwtXTRP4pjOhBVrDCP6eyCCqu4c/getUpdates "HTTP/1.1 200 OK"
2026-03-17 01:52:18,960 - httpx - INFO - HTTP Request: POST https://api.telegram.org/bot6698742855:AAG0XMhviwtXTRP4pjOhBVrDCP6eyCCqu4c/getUpdates "HTTP/1.1 200 OK"
2026-03-17 01:52:29,060 - httpx - INFO - HTTP Request: POST https://api.telegram.org/bot6698742855:AAG0XMhviwtXTRP4pjOhBVrDCP6eyCCqu4c/getUpdates "HTTP/1.1 200 OK"
2026-03-17 01:52:39,166 - httpx - INFO - HTTP Request: POST https://api.telegram.org/bot6698742855:AAG0XMhviwtXTRP4pjOhBVrDCP6eyCCqu4c/getUpdates "HTTP/1.1 200 OK"
2026-03-17 01:52:49,269 - httpx - INFO - HTTP Request: POST https://api.telegram.org/bot6698742855:AAG0XMhviwtXTRP4pjOhBVrDCP6eyCCqu4c/getUpdates "HTTP/1.1 200 OK"
2026-03-17 01:52:59,393 - httpx - INFO - HTTP Request: POST https://api.telegram.org/bot6698742855:AAG0XMhviwtXTRP4pjOhBVrDCP6eyCCqu4c/getUpdates "HTTP/1.1 200 OK"
2026-03-17 01:53:09,501 - httpx - INFO - HTTP Request: POST https://api.telegram.org/bot6698742855:AAG0XMhviwtXTRP4pjOhBVrDCP6eyCCqu4c/getUpdates "HTTP/1.1 200 OK"
2026-03-17 01:53:19,623 - httpx - INFO - HTTP Request: POST https://api.telegram.org/bot6698742855:AAG0XMhviwtXTRP4pjOhBVrDCP6eyCCqu4c/getUpdates "HTTP/1.1 200 OK"
2026-03-17 02:16:57,872 - __main__ - INFO - Bot ishga tushdi! Waiting for messages...
2026-03-17 02:16:57,873 - __main__ - INFO - Telegram channel: Seysmik Xavfsizlik kanali - https://t.me/seysmik_xavfsizlik_1
2026-03-17 02:16:58,236 - httpx - INFO - HTTP Request: POST https://api.telegram.org/bot6698742855:AAG0XMhviwtXTRP4pjOhBVrDCP6eyCCqu4c/getMe "HTTP/1.1 200 OK"
2026-03-17 02:16:58,340 - httpx - INFO - HTTP Request: POST https://api.telegram.org/bot6698742855:AAG0XMhviwtXTRP4pjOhBVrDCP6eyCCqu4c/deleteWebhook "HTTP/1.1 200 OK"
2026-03-17 02:16:58,343 - telegram.ext.Application - INFO - Application started
2026-03-17 02:17:05,998 - httpx - INFO - HTTP Request: POST https://api.telegram.org/bot6698742855:AAG0XMhviwtXTRP4pjOhBVrDCP6eyCCqu4c/getUpdates "HTTP/1.1 200 OK"
2026-03-17 02:17:06,367 - httpx - INFO - HTTP Request: POST https://api.telegram.org/bot6698742855:AAG0XMhviwtXTRP4pjOhBVrDCP6eyCCqu4c/sendMessage "HTTP/1.1 200 OK"
2026-03-17 02:17:08,464 - httpx - INFO - HTTP Request: POST https://api.telegram.org/bot6698742855:AAG0XMhviwtXTRP4pjOhBVrDCP6eyCCqu4c/getUpdates "HTTP/1.1 200 OK"
2026-03-17 02:17:08,588 - httpx - INFO - HTTP Request: POST https://api.telegram.org/bot6698742855:AAG0XMhviwtXTRP4pjOhBVrDCP6eyCCqu4c/sendMessage "HTTP/1.1 200 OK"
2026-03-17 02:17:11,273 - httpx - INFO - HTTP Request: POST https://api.telegram.org/bot6698742855:AAG0XMhviwtXTRP4pjOhBVrDCP6eyCCqu4c/getUpdates "HTTP/1.1 200 OK"
2026-03-17 02:17:11,425 - httpx - INFO - HTTP Request: POST https://api.telegram.org/bot6698742855:AAG0XMhviwtXTRP4pjOhBVrDCP6eyCCqu4c/sendMessage "HTTP/1.1 200 OK"
2026-03-17 02:17:11,426 - __main__ - INFO - Received location from user 1392058263: lat=41.330662, lon=69.328445
2026-03-17 02:17:11,427 - shapefile_utils - INFO - Loading shapefile from: C:\Users\abdul\OneDrive\Đŕáî÷čé ńňîë\zilzilabot python\DATA\U\Export_Output_9.shp
2026-03-17 02:17:11,573 - shapefile_utils - INFO -    Number of features: 45
2026-03-17 02:17:11,574 - shapefile_utils - INFO -    Columns: ['OBJECTID_1', 'Id', 'čě˙', 'ball_value', 'soato', 'bal_value', 'OBJECTID', 'imya', 'kod', 'ball', 'accuracy', 'maydon', 'Ball_fit', 'Shape_Leng', 'Shape_Area', 'geometry']
2026-03-17 02:17:11,574 - shapefile_utils - INFO -    Zone columns found: ['ball', 'ball_value', 'Ball_fit', 'bal_value']
2026-03-17 02:17:11,694 - httpx - INFO - HTTP Request: POST https://api.telegram.org/bot6698742855:AAG0XMhviwtXTRP4pjOhBVrDCP6eyCCqu4c/deleteMessage "HTTP/1.1 200 OK"
2026-03-17 02:17:11,824 - httpx - INFO - HTTP Request: POST https://api.telegram.org/bot6698742855:AAG0XMhviwtXTRP4pjOhBVrDCP6eyCCqu4c/sendMessage "HTTP/1.1 200 OK"
2026-03-17 02:17:11,956 - httpx - INFO - HTTP Request: POST https://api.telegram.org/bot6698742855:AAG0XMhviwtXTRP4pjOhBVrDCP6eyCCqu4c/sendMessage "HTTP/1.1 200 OK"
2026-03-17 02:17:12,084 - httpx - INFO - HTTP Request: POST https://api.telegram.org/bot6698742855:AAG0XMhviwtXTRP4pjOhBVrDCP6eyCCqu4c/sendMessage "HTTP/1.1 200 OK"
2026-03-17 02:17:12,255 - httpx - INFO - HTTP Request: POST https://api.telegram.org/bot6698742855:AAG0XMhviwtXTRP4pjOhBVrDCP6eyCCqu4c/sendMessage "HTTP/1.1 200 OK"
2026-03-17 02:17:18,307 - httpx - INFO - HTTP Request: POST https://api.telegram.org/bot6698742855:AAG0XMhviwtXTRP4pjOhBVrDCP6eyCCqu4c/getUpdates "HTTP/1.1 200 OK"
2026-03-17 02:17:18,645 - httpx - INFO - HTTP Request: POST https://api.telegram.org/bot6698742855:AAG0XMhviwtXTRP4pjOhBVrDCP6eyCCqu4c/sendMessage "HTTP/1.1 200 OK"
2026-03-17 02:17:20,168 - httpx - INFO - HTTP Request: POST https://api.telegram.org/bot6698742855:AAG0XMhviwtXTRP4pjOhBVrDCP6eyCCqu4c/getUpdates "HTTP/1.1 200 OK"
2026-03-17 02:17:20,294 - httpx - INFO - HTTP Request: POST https://api.telegram.org/bot6698742855:AAG0XMhviwtXTRP4pjOhBVrDCP6eyCCqu4c/sendMessage "HTTP/1.1 200 OK"
2026-03-17 02:17:25,501 - httpx - INFO - HTTP Request: POST https://api.telegram.org/bot6698742855:AAG0XMhviwtXTRP4pjOhBVrDCP6eyCCqu4c/getUpdates "HTTP/1.1 200 OK"
2026-03-17 02:17:25,846 - httpx - INFO - HTTP Request: POST https://api.telegram.org/bot6698742855:AAG0XMhviwtXTRP4pjOhBVrDCP6eyCCqu4c/sendMessage "HTTP/1.1 200 OK"
2026-03-17 02:17:25,847 - __main__ - INFO - Received location from user 5756873118: lat=41.330655, lon=69.327738
2026-03-17 02:17:25,978 - httpx - INFO - HTTP Request: POST https://api.telegram.org/bot6698742855:AAG0XMhviwtXTRP4pjOhBVrDCP6eyCCqu4c/deleteMessage "HTTP/1.1 200 OK"
2026-03-17 02:17:26,101 - httpx - INFO - HTTP Request: POST https://api.telegram.org/bot6698742855:AAG0XMhviwtXTRP4pjOhBVrDCP6eyCCqu4c/sendMessage "HTTP/1.1 200 OK"
2026-03-17 02:17:26,232 - httpx - INFO - HTTP Request: POST https://api.telegram.org/bot6698742855:AAG0XMhviwtXTRP4pjOhBVrDCP6eyCCqu4c/sendMessage "HTTP/1.1 200 OK"
2026-03-17 02:17:26,367 - httpx - INFO - HTTP Request: POST https://api.telegram.org/bot6698742855:AAG0XMhviwtXTRP4pjOhBVrDCP6eyCCqu4c/sendMessage "HTTP/1.1 200 OK"
2026-03-17 02:17:26,504 - httpx - INFO - HTTP Request: POST https://api.telegram.org/bot6698742855:AAG0XMhviwtXTRP4pjOhBVrDCP6eyCCqu4c/sendMessage "HTTP/1.1 200 OK"
2026-03-17 02:17:35,611 - httpx - INFO - HTTP Request: POST https://api.telegram.org/bot6698742855:AAG0XMhviwtXTRP4pjOhBVrDCP6eyCCqu4c/getUpdates "HTTP/1.1 200 OK"
2026-03-17 02:17:45,718 - httpx - INFO - HTTP Request: POST https://api.telegram.org/bot6698742855:AAG0XMhviwtXTRP4pjOhBVrDCP6eyCCqu4c/getUpdates "HTTP/1.1 200 OK"
2026-03-17 02:17:55,828 - httpx - INFO - HTTP Request: POST https://api.telegram.org/bot6698742855:AAG0XMhviwtXTRP4pjOhBVrDCP6eyCCqu4c/getUpdates "HTTP/1.1 200 OK"
2026-03-17 02:18:05,938 - httpx - INFO - HTTP Request: POST https://api.telegram.org/bot6698742855:AAG0XMhviwtXTRP4pjOhBVrDCP6eyCCqu4c/getUpdates "HTTP/1.1 200 OK"
2026-03-17 02:18:10,973 - httpx - INFO - HTTP Request: POST https://api.telegram.org/bot6698742855:AAG0XMhviwtXTRP4pjOhBVrDCP6eyCCqu4c/getUpdates "HTTP/1.1 200 OK"
2026-03-17 02:18:11,310 - httpx - INFO - HTTP Request: POST https://api.telegram.org/bot6698742855:AAG0XMhviwtXTRP4pjOhBVrDCP6eyCCqu4c/sendMessage "HTTP/1.1 200 OK"
2026-03-17 02:18:12,932 - httpx - INFO - HTTP Request: POST https://api.telegram.org/bot6698742855:AAG0XMhviwtXTRP4pjOhBVrDCP6eyCCqu4c/getUpdates "HTTP/1.1 200 OK"
2026-03-17 02:18:13,061 - httpx - INFO - HTTP Request: POST https://api.telegram.org/bot6698742855:AAG0XMhviwtXTRP4pjOhBVrDCP6eyCCqu4c/sendMessage "HTTP/1.1 200 OK"
2026-03-17 02:18:23,044 - httpx - INFO - HTTP Request: POST https://api.telegram.org/bot6698742855:AAG0XMhviwtXTRP4pjOhBVrDCP6eyCCqu4c/getUpdates "HTTP/1.1 200 OK"
2026-03-17 02:18:33,152 - httpx - INFO - HTTP Request: POST https://api.telegram.org/bot6698742855:AAG0XMhviwtXTRP4pjOhBVrDCP6eyCCqu4c/getUpdates "HTTP/1.1 200 OK"
2026-03-17 02:18:43,083 - httpx - INFO - HTTP Request: POST https://api.telegram.org/bot6698742855:AAG0XMhviwtXTRP4pjOhBVrDCP6eyCCqu4c/getUpdates "HTTP/1.1 200 OK"
2026-03-17 02:18:43,451 - httpx - INFO - HTTP Request: POST https://api.telegram.org/bot6698742855:AAG0XMhviwtXTRP4pjOhBVrDCP6eyCCqu4c/sendMessage "HTTP/1.1 200 OK"
2026-03-17 02:18:43,651 - httpx - INFO - HTTP Request: POST https://api.telegram.org/bot6698742855:AAG0XMhviwtXTRP4pjOhBVrDCP6eyCCqu4c/sendMessage "HTTP/1.1 200 OK"
2026-03-17 02:18:43,813 - httpx - INFO - HTTP Request: POST https://api.telegram.org/bot6698742855:AAG0XMhviwtXTRP4pjOhBVrDCP6eyCCqu4c/sendMessage "HTTP/1.1 200 OK"
2026-03-17 02:18:53,195 - httpx - INFO - HTTP Request: POST https://api.telegram.org/bot6698742855:AAG0XMhviwtXTRP4pjOhBVrDCP6eyCCqu4c/getUpdates "HTTP/1.1 200 OK"
2026-03-17 02:19:03,306 - httpx - INFO - HTTP Request: POST https://api.telegram.org/bot6698742855:AAG0XMhviwtXTRP4pjOhBVrDCP6eyCCqu4c/getUpdates "HTTP/1.1 200 OK"
2026-03-17 02:19:11,237 - httpx - INFO - HTTP Request: POST https://api.telegram.org/bot6698742855:AAG0XMhviwtXTRP4pjOhBVrDCP6eyCCqu4c/getUpdates "HTTP/1.1 200 OK"
2026-03-17 02:19:11,239 - telegram.ext.Application - INFO - Application is stopping. This might take a moment.
2026-03-17 02:19:11,240 - telegram.ext.Application - INFO - Application.stop() complete
